<?xml version="1.0" encoding="UTF-8"?>
<testsuite xmlns:xsi="http://www.w3.org/2001/XMLSchema-instance" xsi:noNamespaceSchemaLocation="https://maven.apache.org/surefire/maven-surefire-plugin/xsd/surefire-test-report-3.0.xsd" version="3.0" name="edu.mu.maven.StringAlgoritmhsTest" time="0.051" tests="4" errors="0" skipped="0" failures="0">
  <properties>
[...]
</properties>
  <testcase name="testIsPalindrome(String, boolean)[1]" classname="edu.mu.maven.StringAlgoritmhsTest" time="0.019">
    <system-out><![CDATA[Initializing StringAlgorithms object
]]></system-out>
  </testcase>
  <testcase name="testIsPalindrome(String, boolean)[2]" classname="edu.mu.maven.StringAlgoritmhsTest" time="0.001">
    <system-out><![CDATA[Initializing StringAlgorithms object
]]></system-out>
  </testcase>
  <testcase name="testIsPalindrome(String, boolean)[3]" classname="edu.mu.maven.StringAlgoritmhsTest" time="0.0">
    <system-out><![CDATA[Initializing StringAlgorithms object
]]></system-out>
  </testcase>
  <testcase name="testIsPalindrome" classname="edu.mu.maven.StringAlgoritmhsTest" time="0.001">
    <system-out><![CDATA[Initializing StringAlgorithms object
Test Hello
Test Radar
Test Level
]]></system-out>
  </testcase>
</testsuite>